<?xml version="1.0" encoding="UTF-8"?>
<testng-results ignored="4" total="13" passed="8" failed="1" skipped="0">
  <reporter-output>
  </reporter-output>
  <suite started-at="2024-03-01T12:26:06 IST" name="Suite" finished-at="2024-03-01T12:27:37 IST" duration-ms="90978">
    <groups>
      <group name="regression">
        <method signature="TC_02_ExtractingUsedCars.ClickingUsedCars()[pri:1, instance:testCase.TC_02_ExtractingUsedCars@2f9f7dcf]" name="ClickingUsedCars" class="testCase.TC_02_ExtractingUsedCars"/>
        <method signature="TC_02_ExtractingUsedCars.ExtractUsedCarDetails()[pri:3, instance:testCase.TC_02_ExtractingUsedCars@2f9f7dcf]" name="ExtractUsedCarDetails" class="testCase.TC_02_ExtractingUsedCars"/>
        <method signature="TC_02_ExtractingUsedCars.UsedCarsPopularList()[pri:2, instance:testCase.TC_02_ExtractingUsedCars@2f9f7dcf]" name="UsedCarsPopularList" class="testCase.TC_02_ExtractingUsedCars"/>
      </group> <!-- regression -->
      <group name="sanity">
        <method signature="TC_01_UpcomingNewBikes.ExtractingNewBikes()[pri:1, instance:testCase.TC_01_UpcomingNewBikes@6069db50]" name="ExtractingNewBikes" class="testCase.TC_01_UpcomingNewBikes"/>
        <method signature="TC_02_ExtractingUsedCars.ClickingUsedCars()[pri:1, instance:testCase.TC_02_ExtractingUsedCars@2f9f7dcf]" name="ClickingUsedCars" class="testCase.TC_02_ExtractingUsedCars"/>
        <method signature="TC_03_LoginToGoogle.LoginSignup()[pri:1, instance:testCase.TC_03_LoginToGoogle@1bd4fdd]" name="LoginSignup" class="testCase.TC_03_LoginToGoogle"/>
      </group> <!-- sanity -->
    </groups>
    <test started-at="2024-03-01T12:26:06 IST" name="Test" finished-at="2024-03-01T12:27:37 IST" duration-ms="90978">
      <class name="testCase.TC_02_ExtractingUsedCars">
        <test-method signature="ClickingUsedCars()[pri:1, instance:testCase.TC_02_ExtractingUsedCars@2f9f7dcf]" started-at="2024-03-01T12:26:21 IST" name="ClickingUsedCars" finished-at="2024-03-01T12:26:38 IST" duration-ms="16854" status="PASS">
          <reporter-output>
          </reporter-output>
        </test-method> <!-- ClickingUsedCars -->
        <test-method signature="UsedCarsPopularList()[pri:2, instance:testCase.TC_02_ExtractingUsedCars@2f9f7dcf]" started-at="2024-03-01T12:26:38 IST" name="UsedCarsPopularList" finished-at="2024-03-01T12:26:39 IST" duration-ms="187" status="PASS">
          <reporter-output>
          </reporter-output>
        </test-method> <!-- UsedCarsPopularList -->
        <test-method signature="ExtractUsedCarDetails()[pri:3, instance:testCase.TC_02_ExtractingUsedCars@2f9f7dcf]" started-at="2024-03-01T12:26:39 IST" name="ExtractUsedCarDetails" finished-at="2024-03-01T12:27:15 IST" duration-ms="36471" status="PASS">
          <reporter-output>
          </reporter-output>
        </test-method> <!-- ExtractUsedCarDetails -->
      </class> <!-- testCase.TC_02_ExtractingUsedCars -->
      <class name="testCase.TC_01_UpcomingNewBikes">
        <test-method is-config="true" signature="setup(java.lang.String,java.lang.String)[pri:0, instance:testCase.TC_01_UpcomingNewBikes@6069db50]" started-at="2024-03-01T12:26:06 IST" name="setup" finished-at="2024-03-01T12:26:13 IST" duration-ms="6830" status="PASS">
          <params>
            <param index="0">
              <value>
                <![CDATA[Windows]]>
              </value>
            </param>
            <param index="1">
              <value>
                <![CDATA[chrome]]>
              </value>
            </param>
          </params>
          <reporter-output>
          </reporter-output>
        </test-method> <!-- setup -->
        <test-method signature="ExtractingNewBikes()[pri:1, instance:testCase.TC_01_UpcomingNewBikes@6069db50]" started-at="2024-03-01T12:26:13 IST" name="ExtractingNewBikes" finished-at="2024-03-01T12:26:17 IST" duration-ms="3754" status="PASS">
          <reporter-output>
          </reporter-output>
        </test-method> <!-- ExtractingNewBikes -->
        <test-method signature="SelectingManufacturer()[pri:2, instance:testCase.TC_01_UpcomingNewBikes@6069db50]" started-at="2024-03-01T12:26:17 IST" name="SelectingManufacturer" finished-at="2024-03-01T12:26:18 IST" duration-ms="1293" status="PASS">
          <reporter-output>
          </reporter-output>
        </test-method> <!-- SelectingManufacturer -->
        <test-method signature="ExtractBikeNames()[pri:3, instance:testCase.TC_01_UpcomingNewBikes@6069db50]" started-at="2024-03-01T12:26:19 IST" name="ExtractBikeNames" finished-at="2024-03-01T12:26:21 IST" duration-ms="2605" status="PASS">
          <reporter-output>
          </reporter-output>
        </test-method> <!-- ExtractBikeNames -->
        <test-method is-config="true" signature="tearDown()[pri:0, instance:testCase.TC_01_UpcomingNewBikes@6069db50]" started-at="2024-03-01T12:27:36 IST" name="tearDown" finished-at="2024-03-01T12:27:37 IST" duration-ms="1112" status="PASS">
          <reporter-output>
          </reporter-output>
        </test-method> <!-- tearDown -->
      </class> <!-- testCase.TC_01_UpcomingNewBikes -->
      <class name="testCase.TC_03_LoginToGoogle">
        <test-method signature="LoginSignup()[pri:1, instance:testCase.TC_03_LoginToGoogle@1bd4fdd]" started-at="2024-03-01T12:27:16 IST" name="LoginSignup" finished-at="2024-03-01T12:27:19 IST" duration-ms="3386" status="PASS">
          <reporter-output>
          </reporter-output>
        </test-method> <!-- LoginSignup -->
        <test-method signature="HandlingWindow()[pri:2, instance:testCase.TC_03_LoginToGoogle@1bd4fdd]" started-at="2024-03-01T12:27:20 IST" name="HandlingWindow" finished-at="2024-03-01T12:27:23 IST" duration-ms="3265" status="PASS">
          <reporter-output>
          </reporter-output>
        </test-method> <!-- HandlingWindow -->
        <test-method signature="InvalidEmail()[pri:3, instance:testCase.TC_03_LoginToGoogle@1bd4fdd]" started-at="2024-03-01T12:27:23 IST" name="InvalidEmail" finished-at="2024-03-01T12:27:36 IST" duration-ms="12138" status="FAIL">
          <exception class="org.openqa.selenium.NoSuchElementException">
            <message>
              <![CDATA[no such element: Unable to locate element: {"method":"xpath","selector":"(//input[@class='whsOnd zHQkBf'])[1]"}
  (Session info: chrome=120.0.6099.130)
For documentation on this error, please visit: https://www.selenium.dev/documentation/webdriver/troubleshooting/errors#no-such-element-exception
Build info: version: '4.17.0', revision: 'e52b1be057*'
System info: os.name: 'Windows 11', os.arch: 'amd64', os.version: '10.0', java.version: '17.0.2'
Driver info: org.openqa.selenium.chrome.ChromeDriver
Command: [b999017aa305bccbd91e584f99757566, findElement {value=(//input[@class='whsOnd zHQkBf'])[1], using=xpath}]
Capabilities {acceptInsecureCerts: false, browserName: chrome, browserVersion: 120.0.6099.130, chrome: {chromedriverVersion: 120.0.6099.109 (3419140ab66..., userDataDir: C:\Windows\SystemTemp\scope...}, fedcm:accounts: true, goog:chromeOptions: {debuggerAddress: localhost:62435}, networkConnectionEnabled: false, pageLoadStrategy: normal, platformName: windows, proxy: Proxy(), se:cdp: ws://localhost:62435/devtoo..., se:cdpVersion: 120.0.6099.130, setWindowRect: true, strictFileInteractability: false, timeouts: {implicit: 0, pageLoad: 300000, script: 30000}, unhandledPromptBehavior: dismiss and notify, webauthn:extension:credBlob: true, webauthn:extension:largeBlob: true, webauthn:extension:minPinLength: true, webauthn:extension:prf: true, webauthn:virtualAuthenticators: true}
Session ID: b999017aa305bccbd91e584f99757566]]>
            </message>
            <full-stacktrace>
              <![CDATA[org.openqa.selenium.NoSuchElementException: no such element: Unable to locate element: {"method":"xpath","selector":"(//input[@class='whsOnd zHQkBf'])[1]"}
  (Session info: chrome=120.0.6099.130)
For documentation on this error, please visit: https://www.selenium.dev/documentation/webdriver/troubleshooting/errors#no-such-element-exception
Build info: version: '4.17.0', revision: 'e52b1be057*'
System info: os.name: 'Windows 11', os.arch: 'amd64', os.version: '10.0', java.version: '17.0.2'
Driver info: org.openqa.selenium.chrome.ChromeDriver
Command: [b999017aa305bccbd91e584f99757566, findElement {value=(//input[@class='whsOnd zHQkBf'])[1], using=xpath}]
Capabilities {acceptInsecureCerts: false, browserName: chrome, browserVersion: 120.0.6099.130, chrome: {chromedriverVersion: 120.0.6099.109 (3419140ab66..., userDataDir: C:\Windows\SystemTemp\scope...}, fedcm:accounts: true, goog:chromeOptions: {debuggerAddress: localhost:62435}, networkConnectionEnabled: false, pageLoadStrategy: normal, platformName: windows, proxy: Proxy(), se:cdp: ws://localhost:62435/devtoo..., se:cdpVersion: 120.0.6099.130, setWindowRect: true, strictFileInteractability: false, timeouts: {implicit: 0, pageLoad: 300000, script: 30000}, unhandledPromptBehavior: dismiss and notify, webauthn:extension:credBlob: true, webauthn:extension:largeBlob: true, webauthn:extension:minPinLength: true, webauthn:extension:prf: true, webauthn:virtualAuthenticators: true}
Session ID: b999017aa305bccbd91e584f99757566
at java.base/jdk.internal.reflect.NativeConstructorAccessorImpl.newInstance0(Native Method)
at java.base/jdk.internal.reflect.NativeConstructorAccessorImpl.newInstance(NativeConstructorAccessorImpl.java:77)
at java.base/jdk.internal.reflect.DelegatingConstructorAccessorImpl.newInstance(DelegatingConstructorAccessorImpl.java:45)
at java.base/java.lang.reflect.Constructor.newInstanceWithCaller(Constructor.java:499)
at java.base/java.lang.reflect.Constructor.newInstance(Constructor.java:480)
at org.openqa.selenium.remote.codec.w3c.W3CHttpResponseCodec.createException(W3CHttpResponseCodec.java:185)
at org.openqa.selenium.remote.codec.w3c.W3CHttpResponseCodec.decode(W3CHttpResponseCodec.java:134)
at org.openqa.selenium.remote.codec.w3c.W3CHttpResponseCodec.decode(W3CHttpResponseCodec.java:51)
at org.openqa.selenium.remote.HttpCommandExecutor.execute(HttpCommandExecutor.java:190)
at org.openqa.selenium.remote.service.DriverCommandExecutor.invokeExecute(DriverCommandExecutor.java:216)
at org.openqa.selenium.remote.service.DriverCommandExecutor.execute(DriverCommandExecutor.java:174)
at org.openqa.selenium.remote.RemoteWebDriver.execute(RemoteWebDriver.java:519)
at org.openqa.selenium.remote.ElementLocation$ElementFinder$2.findElement(ElementLocation.java:165)
at org.openqa.selenium.remote.ElementLocation.findElement(ElementLocation.java:59)
at org.openqa.selenium.remote.RemoteWebDriver.findElement(RemoteWebDriver.java:356)
at org.openqa.selenium.remote.RemoteWebDriver.findElement(RemoteWebDriver.java:350)
at org.openqa.selenium.support.pagefactory.DefaultElementLocator.findElement(DefaultElementLocator.java:68)
at org.openqa.selenium.support.pagefactory.internal.LocatingElementHandler.invoke(LocatingElementHandler.java:38)
at jdk.proxy2/jdk.proxy2.$Proxy48.sendKeys(Unknown Source)
at pageObject.LoginToGoogle.enterDetails(LoginToGoogle.java:63)
at testCase.TC_03_LoginToGoogle.InvalidEmail(TC_03_LoginToGoogle.java:31)
at java.base/jdk.internal.reflect.NativeMethodAccessorImpl.invoke0(Native Method)
at java.base/jdk.internal.reflect.NativeMethodAccessorImpl.invoke(NativeMethodAccessorImpl.java:77)
at java.base/jdk.internal.reflect.DelegatingMethodAccessorImpl.invoke(DelegatingMethodAccessorImpl.java:43)
at java.base/java.lang.reflect.Method.invoke(Method.java:568)
at org.testng.internal.MethodInvocationHelper.invokeMethod(MethodInvocationHelper.java:133)
at org.testng.internal.TestInvoker.invokeMethod(TestInvoker.java:598)
at org.testng.internal.TestInvoker.invokeTestMethod(TestInvoker.java:173)
at org.testng.internal.MethodRunner.runInSequence(MethodRunner.java:46)
at org.testng.internal.TestInvoker$MethodInvocationAgent.invoke(TestInvoker.java:824)
at org.testng.internal.TestInvoker.invokeTestMethods(TestInvoker.java:146)
at org.testng.internal.TestMethodWorker.invokeTestMethods(TestMethodWorker.java:146)
at org.testng.internal.TestMethodWorker.run(TestMethodWorker.java:128)
at java.base/java.util.ArrayList.forEach(ArrayList.java:1511)
at org.testng.TestRunner.privateRun(TestRunner.java:794)
at org.testng.TestRunner.run(TestRunner.java:596)
at org.testng.SuiteRunner.runTest(SuiteRunner.java:377)
at org.testng.SuiteRunner.runSequentially(SuiteRunner.java:371)
at org.testng.SuiteRunner.privateRun(SuiteRunner.java:332)
at org.testng.SuiteRunner.run(SuiteRunner.java:276)
at org.testng.SuiteRunnerWorker.runSuite(SuiteRunnerWorker.java:53)
at org.testng.SuiteRunnerWorker.run(SuiteRunnerWorker.java:96)
at org.testng.TestNG.runSuitesSequentially(TestNG.java:1212)
at org.testng.TestNG.runSuitesLocally(TestNG.java:1134)
at org.testng.TestNG.runSuites(TestNG.java:1063)
at org.testng.TestNG.run(TestNG.java:1031)
at org.testng.remote.AbstractRemoteTestNG.run(AbstractRemoteTestNG.java:115)
at org.testng.remote.RemoteTestNG.initAndRun(RemoteTestNG.java:251)
at org.testng.remote.RemoteTestNG.main(RemoteTestNG.java:77)
]]>
            </full-stacktrace>
          </exception> <!-- org.openqa.selenium.NoSuchElementException -->
          <reporter-output>
          </reporter-output>
        </test-method> <!-- InvalidEmail -->
      </class> <!-- testCase.TC_03_LoginToGoogle -->
    </test> <!-- Test -->
  </suite> <!-- Suite -->
</testng-results>
